DEB [20210727-11:44:07.200] thr=1   paramiko.transport: starting thread (client mode): 0xf5d510d0
DEB [20210727-11:44:07.200] thr=1   paramiko.transport: Local version/idstring: SSH-2.0-paramiko_2.7.2
DEB [20210727-11:44:07.331] thr=1   paramiko.transport: Remote version/idstring: SSH-2.0-OpenSSH_6.7p1 Debian-5+deb8u8
INF [20210727-11:44:07.331] thr=1   paramiko.transport: Connected (version 2.0, client OpenSSH_6.7p1)
DEB [20210727-11:44:07.458] thr=1   paramiko.transport: kex algos:['curve25519-sha256@libssh.org', 'ecdh-sha2-nistp256', 'ecdh-sha2-nistp384', 'ecdh-sha2-nistp521', 'diffie-hellman-group-exchange-sha256', 'diffie-hellman-group14-sha1'] server key:['ssh-rsa', 'ssh-dss'] client encrypt:['aes128-ctr', 'aes192-ctr', 'aes256-ctr', 'aes128-gcm@openssh.com', 'aes256-gcm@openssh.com', 'chacha20-poly1305@openssh.com'] server encrypt:['aes128-ctr', 'aes192-ctr', 'aes256-ctr', 'aes128-gcm@openssh.com', 'aes256-gcm@openssh.com', 'chacha20-poly1305@openssh.com'] client mac:['umac-64-etm@openssh.com', 'umac-128-etm@openssh.com', 'hmac-sha2-256-etm@openssh.com', 'hmac-sha2-512-etm@openssh.com', 'hmac-sha1-etm@openssh.com', 'umac-64@openssh.com', 'umac-128@openssh.com', 'hmac-sha2-256', 'hmac-sha2-512', 'hmac-sha1'] server mac:['umac-64-etm@openssh.com', 'umac-128-etm@openssh.com', 'hmac-sha2-256-etm@openssh.com', 'hmac-sha2-512-etm@openssh.com', 'hmac-sha1-etm@openssh.com', 'umac-64@openssh.com', 'umac-128@openssh.com', 'hmac-sha2-256', 'hmac-sha2-512', 'hmac-sha1'] client compress:['none', 'zlib@openssh.com'] server compress:['none', 'zlib@openssh.com'] client lang:[''] server lang:[''] kex follows?False
DEB [20210727-11:44:07.463] thr=1   paramiko.transport: Kex agreed: curve25519-sha256@libssh.org
DEB [20210727-11:44:07.463] thr=1   paramiko.transport: HostKey agreed: ssh-rsa
DEB [20210727-11:44:07.464] thr=1   paramiko.transport: Cipher agreed: aes128-ctr
DEB [20210727-11:44:07.464] thr=1   paramiko.transport: MAC agreed: hmac-sha2-256
DEB [20210727-11:44:07.464] thr=1   paramiko.transport: Compression agreed: none
DEB [20210727-11:44:07.778] thr=1   paramiko.transport: kex engine KexCurve25519 specified hash_algo <built-in function openssl_sha256>
DEB [20210727-11:44:07.778] thr=1   paramiko.transport: Switch to new keys ...
DEB [20210727-11:44:07.779] thr=2   paramiko.transport: Adding ssh-rsa host key for 70.32.68.120: b'3c6d5c995db5c6255ad3788ed2f57a01'
DEB [20210727-11:44:08.076] thr=1   paramiko.transport: userauth is OK
INF [20210727-11:44:10.222] thr=1   paramiko.transport: Authentication (password) failed.
DEB [20210727-11:44:13.343] thr=3   paramiko.transport: starting thread (client mode): 0xf5dfdd00
DEB [20210727-11:44:13.344] thr=3   paramiko.transport: Local version/idstring: SSH-2.0-paramiko_2.7.2
DEB [20210727-11:44:13.467] thr=3   paramiko.transport: Remote version/idstring: SSH-2.0-OpenSSH_6.7p1 Debian-5+deb8u8
INF [20210727-11:44:13.467] thr=3   paramiko.transport: Connected (version 2.0, client OpenSSH_6.7p1)
DEB [20210727-11:44:13.587] thr=3   paramiko.transport: kex algos:['curve25519-sha256@libssh.org', 'ecdh-sha2-nistp256', 'ecdh-sha2-nistp384', 'ecdh-sha2-nistp521', 'diffie-hellman-group-exchange-sha256', 'diffie-hellman-group14-sha1'] server key:['ssh-rsa', 'ssh-dss'] client encrypt:['aes128-ctr', 'aes192-ctr', 'aes256-ctr', 'aes128-gcm@openssh.com', 'aes256-gcm@openssh.com', 'chacha20-poly1305@openssh.com'] server encrypt:['aes128-ctr', 'aes192-ctr', 'aes256-ctr', 'aes128-gcm@openssh.com', 'aes256-gcm@openssh.com', 'chacha20-poly1305@openssh.com'] client mac:['umac-64-etm@openssh.com', 'umac-128-etm@openssh.com', 'hmac-sha2-256-etm@openssh.com', 'hmac-sha2-512-etm@openssh.com', 'hmac-sha1-etm@openssh.com', 'umac-64@openssh.com', 'umac-128@openssh.com', 'hmac-sha2-256', 'hmac-sha2-512', 'hmac-sha1'] server mac:['umac-64-etm@openssh.com', 'umac-128-etm@openssh.com', 'hmac-sha2-256-etm@openssh.com', 'hmac-sha2-512-etm@openssh.com', 'hmac-sha1-etm@openssh.com', 'umac-64@openssh.com', 'umac-128@openssh.com', 'hmac-sha2-256', 'hmac-sha2-512', 'hmac-sha1'] client compress:['none', 'zlib@openssh.com'] server compress:['none', 'zlib@openssh.com'] client lang:[''] server lang:[''] kex follows?False
DEB [20210727-11:44:13.587] thr=3   paramiko.transport: Kex agreed: curve25519-sha256@libssh.org
DEB [20210727-11:44:13.587] thr=3   paramiko.transport: HostKey agreed: ssh-rsa
DEB [20210727-11:44:13.587] thr=3   paramiko.transport: Cipher agreed: aes128-ctr
DEB [20210727-11:44:13.587] thr=3   paramiko.transport: MAC agreed: hmac-sha2-256
DEB [20210727-11:44:13.587] thr=3   paramiko.transport: Compression agreed: none
DEB [20210727-11:44:13.879] thr=3   paramiko.transport: kex engine KexCurve25519 specified hash_algo <built-in function openssl_sha256>
DEB [20210727-11:44:13.879] thr=3   paramiko.transport: Switch to new keys ...
DEB [20210727-11:44:13.879] thr=2   paramiko.transport: Adding ssh-rsa host key for 70.32.68.120: b'3c6d5c995db5c6255ad3788ed2f57a01'
DEB [20210727-11:44:14.162] thr=3   paramiko.transport: userauth is OK
INF [20210727-11:44:16.310] thr=3   paramiko.transport: Authentication (password) failed.
DEB [20210727-11:44:19.432] thr=4   paramiko.transport: starting thread (client mode): 0xf5e0c0d0
DEB [20210727-11:44:19.432] thr=4   paramiko.transport: Local version/idstring: SSH-2.0-paramiko_2.7.2
DEB [20210727-11:44:19.555] thr=4   paramiko.transport: Remote version/idstring: SSH-2.0-OpenSSH_6.7p1 Debian-5+deb8u8
INF [20210727-11:44:19.555] thr=4   paramiko.transport: Connected (version 2.0, client OpenSSH_6.7p1)
DEB [20210727-11:44:19.675] thr=4   paramiko.transport: kex algos:['curve25519-sha256@libssh.org', 'ecdh-sha2-nistp256', 'ecdh-sha2-nistp384', 'ecdh-sha2-nistp521', 'diffie-hellman-group-exchange-sha256', 'diffie-hellman-group14-sha1'] server key:['ssh-rsa', 'ssh-dss'] client encrypt:['aes128-ctr', 'aes192-ctr', 'aes256-ctr', 'aes128-gcm@openssh.com', 'aes256-gcm@openssh.com', 'chacha20-poly1305@openssh.com'] server encrypt:['aes128-ctr', 'aes192-ctr', 'aes256-ctr', 'aes128-gcm@openssh.com', 'aes256-gcm@openssh.com', 'chacha20-poly1305@openssh.com'] client mac:['umac-64-etm@openssh.com', 'umac-128-etm@openssh.com', 'hmac-sha2-256-etm@openssh.com', 'hmac-sha2-512-etm@openssh.com', 'hmac-sha1-etm@openssh.com', 'umac-64@openssh.com', 'umac-128@openssh.com', 'hmac-sha2-256', 'hmac-sha2-512', 'hmac-sha1'] server mac:['umac-64-etm@openssh.com', 'umac-128-etm@openssh.com', 'hmac-sha2-256-etm@openssh.com', 'hmac-sha2-512-etm@openssh.com', 'hmac-sha1-etm@openssh.com', 'umac-64@openssh.com', 'umac-128@openssh.com', 'hmac-sha2-256', 'hmac-sha2-512', 'hmac-sha1'] client compress:['none', 'zlib@openssh.com'] server compress:['none', 'zlib@openssh.com'] client lang:[''] server lang:[''] kex follows?False
DEB [20210727-11:44:19.675] thr=4   paramiko.transport: Kex agreed: curve25519-sha256@libssh.org
DEB [20210727-11:44:19.675] thr=4   paramiko.transport: HostKey agreed: ssh-rsa
DEB [20210727-11:44:19.675] thr=4   paramiko.transport: Cipher agreed: aes128-ctr
DEB [20210727-11:44:19.675] thr=4   paramiko.transport: MAC agreed: hmac-sha2-256
DEB [20210727-11:44:19.675] thr=4   paramiko.transport: Compression agreed: none
DEB [20210727-11:44:19.804] thr=4   paramiko.transport: kex engine KexCurve25519 specified hash_algo <built-in function openssl_sha256>
DEB [20210727-11:44:19.805] thr=4   paramiko.transport: Switch to new keys ...
DEB [20210727-11:44:19.805] thr=2   paramiko.transport: Adding ssh-rsa host key for 70.32.68.120: b'3c6d5c995db5c6255ad3788ed2f57a01'
DEB [20210727-11:44:20.089] thr=4   paramiko.transport: userauth is OK
INF [20210727-11:44:22.061] thr=4   paramiko.transport: Authentication (password) failed.
DEB [20210727-11:44:25.185] thr=5   paramiko.transport: starting thread (client mode): 0xf5e0ce20
DEB [20210727-11:44:25.187] thr=5   paramiko.transport: Local version/idstring: SSH-2.0-paramiko_2.7.2
DEB [20210727-11:44:25.308] thr=5   paramiko.transport: Remote version/idstring: SSH-2.0-OpenSSH_6.7p1 Debian-5+deb8u8
INF [20210727-11:44:25.309] thr=5   paramiko.transport: Connected (version 2.0, client OpenSSH_6.7p1)
DEB [20210727-11:44:25.431] thr=5   paramiko.transport: kex algos:['curve25519-sha256@libssh.org', 'ecdh-sha2-nistp256', 'ecdh-sha2-nistp384', 'ecdh-sha2-nistp521', 'diffie-hellman-group-exchange-sha256', 'diffie-hellman-group14-sha1'] server key:['ssh-rsa', 'ssh-dss'] client encrypt:['aes128-ctr', 'aes192-ctr', 'aes256-ctr', 'aes128-gcm@openssh.com', 'aes256-gcm@openssh.com', 'chacha20-poly1305@openssh.com'] server encrypt:['aes128-ctr', 'aes192-ctr', 'aes256-ctr', 'aes128-gcm@openssh.com', 'aes256-gcm@openssh.com', 'chacha20-poly1305@openssh.com'] client mac:['umac-64-etm@openssh.com', 'umac-128-etm@openssh.com', 'hmac-sha2-256-etm@openssh.com', 'hmac-sha2-512-etm@openssh.com', 'hmac-sha1-etm@openssh.com', 'umac-64@openssh.com', 'umac-128@openssh.com', 'hmac-sha2-256', 'hmac-sha2-512', 'hmac-sha1'] server mac:['umac-64-etm@openssh.com', 'umac-128-etm@openssh.com', 'hmac-sha2-256-etm@openssh.com', 'hmac-sha2-512-etm@openssh.com', 'hmac-sha1-etm@openssh.com', 'umac-64@openssh.com', 'umac-128@openssh.com', 'hmac-sha2-256', 'hmac-sha2-512', 'hmac-sha1'] client compress:['none', 'zlib@openssh.com'] server compress:['none', 'zlib@openssh.com'] client lang:[''] server lang:[''] kex follows?False
DEB [20210727-11:44:25.432] thr=5   paramiko.transport: Kex agreed: curve25519-sha256@libssh.org
DEB [20210727-11:44:25.433] thr=5   paramiko.transport: HostKey agreed: ssh-rsa
DEB [20210727-11:44:25.434] thr=5   paramiko.transport: Cipher agreed: aes128-ctr
DEB [20210727-11:44:25.434] thr=5   paramiko.transport: MAC agreed: hmac-sha2-256
DEB [20210727-11:44:25.435] thr=5   paramiko.transport: Compression agreed: none
DEB [20210727-11:44:25.564] thr=5   paramiko.transport: kex engine KexCurve25519 specified hash_algo <built-in function openssl_sha256>
DEB [20210727-11:44:25.565] thr=5   paramiko.transport: Switch to new keys ...
DEB [20210727-11:44:25.567] thr=2   paramiko.transport: Adding ssh-rsa host key for 70.32.68.120: b'3c6d5c995db5c6255ad3788ed2f57a01'
DEB [20210727-11:44:25.849] thr=5   paramiko.transport: userauth is OK
INF [20210727-11:44:27.315] thr=5   paramiko.transport: Authentication (password) failed.
DEB [20210727-11:44:30.439] thr=6   paramiko.transport: starting thread (client mode): 0xf5e13190
DEB [20210727-11:44:30.440] thr=6   paramiko.transport: Local version/idstring: SSH-2.0-paramiko_2.7.2
DEB [20210727-11:44:30.563] thr=6   paramiko.transport: Remote version/idstring: SSH-2.0-OpenSSH_6.7p1 Debian-5+deb8u8
INF [20210727-11:44:30.564] thr=6   paramiko.transport: Connected (version 2.0, client OpenSSH_6.7p1)
DEB [20210727-11:44:30.685] thr=6   paramiko.transport: kex algos:['curve25519-sha256@libssh.org', 'ecdh-sha2-nistp256', 'ecdh-sha2-nistp384', 'ecdh-sha2-nistp521', 'diffie-hellman-group-exchange-sha256', 'diffie-hellman-group14-sha1'] server key:['ssh-rsa', 'ssh-dss'] client encrypt:['aes128-ctr', 'aes192-ctr', 'aes256-ctr', 'aes128-gcm@openssh.com', 'aes256-gcm@openssh.com', 'chacha20-poly1305@openssh.com'] server encrypt:['aes128-ctr', 'aes192-ctr', 'aes256-ctr', 'aes128-gcm@openssh.com', 'aes256-gcm@openssh.com', 'chacha20-poly1305@openssh.com'] client mac:['umac-64-etm@openssh.com', 'umac-128-etm@openssh.com', 'hmac-sha2-256-etm@openssh.com', 'hmac-sha2-512-etm@openssh.com', 'hmac-sha1-etm@openssh.com', 'umac-64@openssh.com', 'umac-128@openssh.com', 'hmac-sha2-256', 'hmac-sha2-512', 'hmac-sha1'] server mac:['umac-64-etm@openssh.com', 'umac-128-etm@openssh.com', 'hmac-sha2-256-etm@openssh.com', 'hmac-sha2-512-etm@openssh.com', 'hmac-sha1-etm@openssh.com', 'umac-64@openssh.com', 'umac-128@openssh.com', 'hmac-sha2-256', 'hmac-sha2-512', 'hmac-sha1'] client compress:['none', 'zlib@openssh.com'] server compress:['none', 'zlib@openssh.com'] client lang:[''] server lang:[''] kex follows?False
DEB [20210727-11:44:30.686] thr=6   paramiko.transport: Kex agreed: curve25519-sha256@libssh.org
DEB [20210727-11:44:30.687] thr=6   paramiko.transport: HostKey agreed: ssh-rsa
DEB [20210727-11:44:30.687] thr=6   paramiko.transport: Cipher agreed: aes128-ctr
DEB [20210727-11:44:30.687] thr=6   paramiko.transport: MAC agreed: hmac-sha2-256
DEB [20210727-11:44:30.688] thr=6   paramiko.transport: Compression agreed: none
DEB [20210727-11:44:30.814] thr=6   paramiko.transport: kex engine KexCurve25519 specified hash_algo <built-in function openssl_sha256>
DEB [20210727-11:44:30.815] thr=6   paramiko.transport: Switch to new keys ...
DEB [20210727-11:44:30.816] thr=2   paramiko.transport: Adding ssh-rsa host key for 70.32.68.120: b'3c6d5c995db5c6255ad3788ed2f57a01'
DEB [20210727-11:44:31.102] thr=6   paramiko.transport: userauth is OK
INF [20210727-11:44:33.585] thr=6   paramiko.transport: Authentication (password) failed.
DEB [20210727-11:44:36.708] thr=7   paramiko.transport: starting thread (client mode): 0xf5e1a4c0
DEB [20210727-11:44:36.709] thr=7   paramiko.transport: Local version/idstring: SSH-2.0-paramiko_2.7.2
DEB [20210727-11:44:36.832] thr=7   paramiko.transport: Remote version/idstring: SSH-2.0-OpenSSH_6.7p1 Debian-5+deb8u8
INF [20210727-11:44:36.832] thr=7   paramiko.transport: Connected (version 2.0, client OpenSSH_6.7p1)
DEB [20210727-11:44:36.953] thr=7   paramiko.transport: kex algos:['curve25519-sha256@libssh.org', 'ecdh-sha2-nistp256', 'ecdh-sha2-nistp384', 'ecdh-sha2-nistp521', 'diffie-hellman-group-exchange-sha256', 'diffie-hellman-group14-sha1'] server key:['ssh-rsa', 'ssh-dss'] client encrypt:['aes128-ctr', 'aes192-ctr', 'aes256-ctr', 'aes128-gcm@openssh.com', 'aes256-gcm@openssh.com', 'chacha20-poly1305@openssh.com'] server encrypt:['aes128-ctr', 'aes192-ctr', 'aes256-ctr', 'aes128-gcm@openssh.com', 'aes256-gcm@openssh.com', 'chacha20-poly1305@openssh.com'] client mac:['umac-64-etm@openssh.com', 'umac-128-etm@openssh.com', 'hmac-sha2-256-etm@openssh.com', 'hmac-sha2-512-etm@openssh.com', 'hmac-sha1-etm@openssh.com', 'umac-64@openssh.com', 'umac-128@openssh.com', 'hmac-sha2-256', 'hmac-sha2-512', 'hmac-sha1'] server mac:['umac-64-etm@openssh.com', 'umac-128-etm@openssh.com', 'hmac-sha2-256-etm@openssh.com', 'hmac-sha2-512-etm@openssh.com', 'hmac-sha1-etm@openssh.com', 'umac-64@openssh.com', 'umac-128@openssh.com', 'hmac-sha2-256', 'hmac-sha2-512', 'hmac-sha1'] client compress:['none', 'zlib@openssh.com'] server compress:['none', 'zlib@openssh.com'] client lang:[''] server lang:[''] kex follows?False
DEB [20210727-11:44:36.954] thr=7   paramiko.transport: Kex agreed: curve25519-sha256@libssh.org
DEB [20210727-11:44:36.954] thr=7   paramiko.transport: HostKey agreed: ssh-rsa
DEB [20210727-11:44:36.955] thr=7   paramiko.transport: Cipher agreed: aes128-ctr
DEB [20210727-11:44:36.955] thr=7   paramiko.transport: MAC agreed: hmac-sha2-256
DEB [20210727-11:44:36.955] thr=7   paramiko.transport: Compression agreed: none
DEB [20210727-11:44:37.082] thr=7   paramiko.transport: kex engine KexCurve25519 specified hash_algo <built-in function openssl_sha256>
DEB [20210727-11:44:37.083] thr=7   paramiko.transport: Switch to new keys ...
DEB [20210727-11:44:37.085] thr=2   paramiko.transport: Adding ssh-rsa host key for 70.32.68.120: b'3c6d5c995db5c6255ad3788ed2f57a01'
DEB [20210727-11:44:37.359] thr=7   paramiko.transport: userauth is OK
INF [20210727-11:44:40.140] thr=7   paramiko.transport: Authentication (password) failed.
DEB [20210727-11:44:43.263] thr=8   paramiko.transport: starting thread (client mode): 0xf5e1aeb0
DEB [20210727-11:44:43.264] thr=8   paramiko.transport: Local version/idstring: SSH-2.0-paramiko_2.7.2
DEB [20210727-11:44:43.386] thr=8   paramiko.transport: Remote version/idstring: SSH-2.0-OpenSSH_6.7p1 Debian-5+deb8u8
INF [20210727-11:44:43.386] thr=8   paramiko.transport: Connected (version 2.0, client OpenSSH_6.7p1)
DEB [20210727-11:44:43.507] thr=8   paramiko.transport: kex algos:['curve25519-sha256@libssh.org', 'ecdh-sha2-nistp256', 'ecdh-sha2-nistp384', 'ecdh-sha2-nistp521', 'diffie-hellman-group-exchange-sha256', 'diffie-hellman-group14-sha1'] server key:['ssh-rsa', 'ssh-dss'] client encrypt:['aes128-ctr', 'aes192-ctr', 'aes256-ctr', 'aes128-gcm@openssh.com', 'aes256-gcm@openssh.com', 'chacha20-poly1305@openssh.com'] server encrypt:['aes128-ctr', 'aes192-ctr', 'aes256-ctr', 'aes128-gcm@openssh.com', 'aes256-gcm@openssh.com', 'chacha20-poly1305@openssh.com'] client mac:['umac-64-etm@openssh.com', 'umac-128-etm@openssh.com', 'hmac-sha2-256-etm@openssh.com', 'hmac-sha2-512-etm@openssh.com', 'hmac-sha1-etm@openssh.com', 'umac-64@openssh.com', 'umac-128@openssh.com', 'hmac-sha2-256', 'hmac-sha2-512', 'hmac-sha1'] server mac:['umac-64-etm@openssh.com', 'umac-128-etm@openssh.com', 'hmac-sha2-256-etm@openssh.com', 'hmac-sha2-512-etm@openssh.com', 'hmac-sha1-etm@openssh.com', 'umac-64@openssh.com', 'umac-128@openssh.com', 'hmac-sha2-256', 'hmac-sha2-512', 'hmac-sha1'] client compress:['none', 'zlib@openssh.com'] server compress:['none', 'zlib@openssh.com'] client lang:[''] server lang:[''] kex follows?False
DEB [20210727-11:44:43.507] thr=8   paramiko.transport: Kex agreed: curve25519-sha256@libssh.org
DEB [20210727-11:44:43.508] thr=8   paramiko.transport: HostKey agreed: ssh-rsa
DEB [20210727-11:44:43.508] thr=8   paramiko.transport: Cipher agreed: aes128-ctr
DEB [20210727-11:44:43.509] thr=8   paramiko.transport: MAC agreed: hmac-sha2-256
DEB [20210727-11:44:43.509] thr=8   paramiko.transport: Compression agreed: none
DEB [20210727-11:44:43.635] thr=8   paramiko.transport: kex engine KexCurve25519 specified hash_algo <built-in function openssl_sha256>
DEB [20210727-11:44:43.635] thr=8   paramiko.transport: Switch to new keys ...
DEB [20210727-11:44:43.636] thr=2   paramiko.transport: Adding ssh-rsa host key for 70.32.68.120: b'3c6d5c995db5c6255ad3788ed2f57a01'
DEB [20210727-11:44:43.930] thr=8   paramiko.transport: userauth is OK
INF [20210727-11:44:46.200] thr=8   paramiko.transport: Authentication (password) failed.
DEB [20210727-11:44:49.326] thr=9   paramiko.transport: starting thread (client mode): 0xf5e1f220
DEB [20210727-11:44:49.327] thr=9   paramiko.transport: Local version/idstring: SSH-2.0-paramiko_2.7.2
DEB [20210727-11:44:49.450] thr=9   paramiko.transport: Remote version/idstring: SSH-2.0-OpenSSH_6.7p1 Debian-5+deb8u8
INF [20210727-11:44:49.451] thr=9   paramiko.transport: Connected (version 2.0, client OpenSSH_6.7p1)
DEB [20210727-11:44:49.570] thr=9   paramiko.transport: kex algos:['curve25519-sha256@libssh.org', 'ecdh-sha2-nistp256', 'ecdh-sha2-nistp384', 'ecdh-sha2-nistp521', 'diffie-hellman-group-exchange-sha256', 'diffie-hellman-group14-sha1'] server key:['ssh-rsa', 'ssh-dss'] client encrypt:['aes128-ctr', 'aes192-ctr', 'aes256-ctr', 'aes128-gcm@openssh.com', 'aes256-gcm@openssh.com', 'chacha20-poly1305@openssh.com'] server encrypt:['aes128-ctr', 'aes192-ctr', 'aes256-ctr', 'aes128-gcm@openssh.com', 'aes256-gcm@openssh.com', 'chacha20-poly1305@openssh.com'] client mac:['umac-64-etm@openssh.com', 'umac-128-etm@openssh.com', 'hmac-sha2-256-etm@openssh.com', 'hmac-sha2-512-etm@openssh.com', 'hmac-sha1-etm@openssh.com', 'umac-64@openssh.com', 'umac-128@openssh.com', 'hmac-sha2-256', 'hmac-sha2-512', 'hmac-sha1'] server mac:['umac-64-etm@openssh.com', 'umac-128-etm@openssh.com', 'hmac-sha2-256-etm@openssh.com', 'hmac-sha2-512-etm@openssh.com', 'hmac-sha1-etm@openssh.com', 'umac-64@openssh.com', 'umac-128@openssh.com', 'hmac-sha2-256', 'hmac-sha2-512', 'hmac-sha1'] client compress:['none', 'zlib@openssh.com'] server compress:['none', 'zlib@openssh.com'] client lang:[''] server lang:[''] kex follows?False
DEB [20210727-11:44:49.570] thr=9   paramiko.transport: Kex agreed: curve25519-sha256@libssh.org
DEB [20210727-11:44:49.571] thr=9   paramiko.transport: HostKey agreed: ssh-rsa
DEB [20210727-11:44:49.571] thr=9   paramiko.transport: Cipher agreed: aes128-ctr
DEB [20210727-11:44:49.571] thr=9   paramiko.transport: MAC agreed: hmac-sha2-256
DEB [20210727-11:44:49.571] thr=9   paramiko.transport: Compression agreed: none
DEB [20210727-11:44:49.698] thr=9   paramiko.transport: kex engine KexCurve25519 specified hash_algo <built-in function openssl_sha256>
DEB [20210727-11:44:49.700] thr=9   paramiko.transport: Switch to new keys ...
DEB [20210727-11:44:49.702] thr=2   paramiko.transport: Adding ssh-rsa host key for 70.32.68.120: b'3c6d5c995db5c6255ad3788ed2f57a01'
DEB [20210727-11:44:49.979] thr=9   paramiko.transport: userauth is OK
INF [20210727-11:44:52.741] thr=9   paramiko.transport: Authentication (password) failed.
DEB [20210727-11:44:55.866] thr=10  paramiko.transport: starting thread (client mode): 0xf5e27550
DEB [20210727-11:44:55.867] thr=10  paramiko.transport: Local version/idstring: SSH-2.0-paramiko_2.7.2
DEB [20210727-11:44:55.989] thr=10  paramiko.transport: Remote version/idstring: SSH-2.0-OpenSSH_6.7p1 Debian-5+deb8u8
INF [20210727-11:44:55.989] thr=10  paramiko.transport: Connected (version 2.0, client OpenSSH_6.7p1)
DEB [20210727-11:44:56.111] thr=10  paramiko.transport: kex algos:['curve25519-sha256@libssh.org', 'ecdh-sha2-nistp256', 'ecdh-sha2-nistp384', 'ecdh-sha2-nistp521', 'diffie-hellman-group-exchange-sha256', 'diffie-hellman-group14-sha1'] server key:['ssh-rsa', 'ssh-dss'] client encrypt:['aes128-ctr', 'aes192-ctr', 'aes256-ctr', 'aes128-gcm@openssh.com', 'aes256-gcm@openssh.com', 'chacha20-poly1305@openssh.com'] server encrypt:['aes128-ctr', 'aes192-ctr', 'aes256-ctr', 'aes128-gcm@openssh.com', 'aes256-gcm@openssh.com', 'chacha20-poly1305@openssh.com'] client mac:['umac-64-etm@openssh.com', 'umac-128-etm@openssh.com', 'hmac-sha2-256-etm@openssh.com', 'hmac-sha2-512-etm@openssh.com', 'hmac-sha1-etm@openssh.com', 'umac-64@openssh.com', 'umac-128@openssh.com', 'hmac-sha2-256', 'hmac-sha2-512', 'hmac-sha1'] server mac:['umac-64-etm@openssh.com', 'umac-128-etm@openssh.com', 'hmac-sha2-256-etm@openssh.com', 'hmac-sha2-512-etm@openssh.com', 'hmac-sha1-etm@openssh.com', 'umac-64@openssh.com', 'umac-128@openssh.com', 'hmac-sha2-256', 'hmac-sha2-512', 'hmac-sha1'] client compress:['none', 'zlib@openssh.com'] server compress:['none', 'zlib@openssh.com'] client lang:[''] server lang:[''] kex follows?False
DEB [20210727-11:44:56.112] thr=10  paramiko.transport: Kex agreed: curve25519-sha256@libssh.org
DEB [20210727-11:44:56.112] thr=10  paramiko.transport: HostKey agreed: ssh-rsa
DEB [20210727-11:44:56.112] thr=10  paramiko.transport: Cipher agreed: aes128-ctr
DEB [20210727-11:44:56.113] thr=10  paramiko.transport: MAC agreed: hmac-sha2-256
DEB [20210727-11:44:56.113] thr=10  paramiko.transport: Compression agreed: none
DEB [20210727-11:44:56.241] thr=10  paramiko.transport: kex engine KexCurve25519 specified hash_algo <built-in function openssl_sha256>
DEB [20210727-11:44:56.242] thr=10  paramiko.transport: Switch to new keys ...
DEB [20210727-11:44:56.244] thr=2   paramiko.transport: Adding ssh-rsa host key for 70.32.68.120: b'3c6d5c995db5c6255ad3788ed2f57a01'
DEB [20210727-11:44:56.521] thr=10  paramiko.transport: userauth is OK
INF [20210727-11:44:58.575] thr=10  paramiko.transport: Authentication (password) failed.
DEB [20210727-11:44:58.577] thr=1   paramiko.transport: EOF in transport thread
DEB [20210727-11:44:58.579] thr=3   paramiko.transport: EOF in transport thread
DEB [20210727-11:44:58.580] thr=5   paramiko.transport: EOF in transport thread
DEB [20210727-11:44:58.582] thr=7   paramiko.transport: EOF in transport thread
DEB [20210727-11:44:58.583] thr=9   paramiko.transport: EOF in transport thread
DEB [20210727-14:22:58.711] thr=1   paramiko.transport: starting thread (client mode): 0xbd7a5e20
DEB [20210727-14:22:58.712] thr=1   paramiko.transport: Local version/idstring: SSH-2.0-paramiko_2.7.2
DEB [20210727-14:22:58.835] thr=1   paramiko.transport: Remote version/idstring: SSH-2.0-OpenSSH_6.7p1 Debian-5+deb8u8
INF [20210727-14:22:58.835] thr=1   paramiko.transport: Connected (version 2.0, client OpenSSH_6.7p1)
DEB [20210727-14:22:58.957] thr=1   paramiko.transport: kex algos:['curve25519-sha256@libssh.org', 'ecdh-sha2-nistp256', 'ecdh-sha2-nistp384', 'ecdh-sha2-nistp521', 'diffie-hellman-group-exchange-sha256', 'diffie-hellman-group14-sha1'] server key:['ssh-rsa', 'ssh-dss'] client encrypt:['aes128-ctr', 'aes192-ctr', 'aes256-ctr', 'aes128-gcm@openssh.com', 'aes256-gcm@openssh.com', 'chacha20-poly1305@openssh.com'] server encrypt:['aes128-ctr', 'aes192-ctr', 'aes256-ctr', 'aes128-gcm@openssh.com', 'aes256-gcm@openssh.com', 'chacha20-poly1305@openssh.com'] client mac:['umac-64-etm@openssh.com', 'umac-128-etm@openssh.com', 'hmac-sha2-256-etm@openssh.com', 'hmac-sha2-512-etm@openssh.com', 'hmac-sha1-etm@openssh.com', 'umac-64@openssh.com', 'umac-128@openssh.com', 'hmac-sha2-256', 'hmac-sha2-512', 'hmac-sha1'] server mac:['umac-64-etm@openssh.com', 'umac-128-etm@openssh.com', 'hmac-sha2-256-etm@openssh.com', 'hmac-sha2-512-etm@openssh.com', 'hmac-sha1-etm@openssh.com', 'umac-64@openssh.com', 'umac-128@openssh.com', 'hmac-sha2-256', 'hmac-sha2-512', 'hmac-sha1'] client compress:['none', 'zlib@openssh.com'] server compress:['none', 'zlib@openssh.com'] client lang:[''] server lang:[''] kex follows?False
DEB [20210727-14:22:58.957] thr=1   paramiko.transport: Kex agreed: curve25519-sha256@libssh.org
DEB [20210727-14:22:58.958] thr=1   paramiko.transport: HostKey agreed: ssh-rsa
DEB [20210727-14:22:58.958] thr=1   paramiko.transport: Cipher agreed: aes128-ctr
DEB [20210727-14:22:58.959] thr=1   paramiko.transport: MAC agreed: hmac-sha2-256
DEB [20210727-14:22:58.959] thr=1   paramiko.transport: Compression agreed: none
DEB [20210727-14:22:59.089] thr=1   paramiko.transport: kex engine KexCurve25519 specified hash_algo <built-in function openssl_sha256>
DEB [20210727-14:22:59.091] thr=1   paramiko.transport: Switch to new keys ...
DEB [20210727-14:22:59.098] thr=2   paramiko.transport: Adding ssh-rsa host key for 70.32.68.120: b'3c6d5c995db5c6255ad3788ed2f57a01'
DEB [20210727-14:22:59.371] thr=1   paramiko.transport: userauth is OK
INF [20210727-14:23:01.949] thr=1   paramiko.transport: Authentication (password) failed.
DEB [20210727-14:24:21.676] thr=1   paramiko.transport: EOF in transport thread
DEB [20210727-14:24:37.496] thr=1   paramiko.transport: starting thread (client mode): 0xf3ef5df0
DEB [20210727-14:24:37.497] thr=1   paramiko.transport: Local version/idstring: SSH-2.0-paramiko_2.7.2
DEB [20210727-14:24:37.620] thr=1   paramiko.transport: Remote version/idstring: SSH-2.0-OpenSSH_6.7p1 Debian-5+deb8u8
INF [20210727-14:24:37.620] thr=1   paramiko.transport: Connected (version 2.0, client OpenSSH_6.7p1)
DEB [20210727-14:24:37.741] thr=1   paramiko.transport: kex algos:['curve25519-sha256@libssh.org', 'ecdh-sha2-nistp256', 'ecdh-sha2-nistp384', 'ecdh-sha2-nistp521', 'diffie-hellman-group-exchange-sha256', 'diffie-hellman-group14-sha1'] server key:['ssh-rsa', 'ssh-dss'] client encrypt:['aes128-ctr', 'aes192-ctr', 'aes256-ctr', 'aes128-gcm@openssh.com', 'aes256-gcm@openssh.com', 'chacha20-poly1305@openssh.com'] server encrypt:['aes128-ctr', 'aes192-ctr', 'aes256-ctr', 'aes128-gcm@openssh.com', 'aes256-gcm@openssh.com', 'chacha20-poly1305@openssh.com'] client mac:['umac-64-etm@openssh.com', 'umac-128-etm@openssh.com', 'hmac-sha2-256-etm@openssh.com', 'hmac-sha2-512-etm@openssh.com', 'hmac-sha1-etm@openssh.com', 'umac-64@openssh.com', 'umac-128@openssh.com', 'hmac-sha2-256', 'hmac-sha2-512', 'hmac-sha1'] server mac:['umac-64-etm@openssh.com', 'umac-128-etm@openssh.com', 'hmac-sha2-256-etm@openssh.com', 'hmac-sha2-512-etm@openssh.com', 'hmac-sha1-etm@openssh.com', 'umac-64@openssh.com', 'umac-128@openssh.com', 'hmac-sha2-256', 'hmac-sha2-512', 'hmac-sha1'] client compress:['none', 'zlib@openssh.com'] server compress:['none', 'zlib@openssh.com'] client lang:[''] server lang:[''] kex follows?False
DEB [20210727-14:24:37.742] thr=1   paramiko.transport: Kex agreed: curve25519-sha256@libssh.org
DEB [20210727-14:24:37.742] thr=1   paramiko.transport: HostKey agreed: ssh-rsa
DEB [20210727-14:24:37.743] thr=1   paramiko.transport: Cipher agreed: aes128-ctr
DEB [20210727-14:24:37.753] thr=1   paramiko.transport: MAC agreed: hmac-sha2-256
DEB [20210727-14:24:37.754] thr=1   paramiko.transport: Compression agreed: none
DEB [20210727-14:24:37.883] thr=1   paramiko.transport: kex engine KexCurve25519 specified hash_algo <built-in function openssl_sha256>
DEB [20210727-14:24:37.884] thr=1   paramiko.transport: Switch to new keys ...
DEB [20210727-14:24:37.886] thr=2   paramiko.transport: Adding ssh-rsa host key for 70.32.68.120: b'3c6d5c995db5c6255ad3788ed2f57a01'
DEB [20210727-14:24:38.162] thr=1   paramiko.transport: userauth is OK
INF [20210727-14:24:40.522] thr=1   paramiko.transport: Authentication (password) failed.
DEB [20210727-14:26:08.248] thr=1   paramiko.transport: EOF in transport thread
DEB [20210727-14:26:21.143] thr=1   paramiko.transport: starting thread (client mode): 0xf4578c70
DEB [20210727-14:26:21.144] thr=1   paramiko.transport: Local version/idstring: SSH-2.0-paramiko_2.7.2
DEB [20210727-14:26:21.265] thr=1   paramiko.transport: Remote version/idstring: SSH-2.0-OpenSSH_6.7p1 Debian-5+deb8u8
INF [20210727-14:26:21.266] thr=1   paramiko.transport: Connected (version 2.0, client OpenSSH_6.7p1)
DEB [20210727-14:26:21.388] thr=1   paramiko.transport: kex algos:['curve25519-sha256@libssh.org', 'ecdh-sha2-nistp256', 'ecdh-sha2-nistp384', 'ecdh-sha2-nistp521', 'diffie-hellman-group-exchange-sha256', 'diffie-hellman-group14-sha1'] server key:['ssh-rsa', 'ssh-dss'] client encrypt:['aes128-ctr', 'aes192-ctr', 'aes256-ctr', 'aes128-gcm@openssh.com', 'aes256-gcm@openssh.com', 'chacha20-poly1305@openssh.com'] server encrypt:['aes128-ctr', 'aes192-ctr', 'aes256-ctr', 'aes128-gcm@openssh.com', 'aes256-gcm@openssh.com', 'chacha20-poly1305@openssh.com'] client mac:['umac-64-etm@openssh.com', 'umac-128-etm@openssh.com', 'hmac-sha2-256-etm@openssh.com', 'hmac-sha2-512-etm@openssh.com', 'hmac-sha1-etm@openssh.com', 'umac-64@openssh.com', 'umac-128@openssh.com', 'hmac-sha2-256', 'hmac-sha2-512', 'hmac-sha1'] server mac:['umac-64-etm@openssh.com', 'umac-128-etm@openssh.com', 'hmac-sha2-256-etm@openssh.com', 'hmac-sha2-512-etm@openssh.com', 'hmac-sha1-etm@openssh.com', 'umac-64@openssh.com', 'umac-128@openssh.com', 'hmac-sha2-256', 'hmac-sha2-512', 'hmac-sha1'] client compress:['none', 'zlib@openssh.com'] server compress:['none', 'zlib@openssh.com'] client lang:[''] server lang:[''] kex follows?False
DEB [20210727-14:26:21.389] thr=1   paramiko.transport: Kex agreed: curve25519-sha256@libssh.org
DEB [20210727-14:26:21.389] thr=1   paramiko.transport: HostKey agreed: ssh-rsa
DEB [20210727-14:26:21.389] thr=1   paramiko.transport: Cipher agreed: aes128-ctr
DEB [20210727-14:26:21.390] thr=1   paramiko.transport: MAC agreed: hmac-sha2-256
DEB [20210727-14:26:21.390] thr=1   paramiko.transport: Compression agreed: none
DEB [20210727-14:26:21.518] thr=1   paramiko.transport: kex engine KexCurve25519 specified hash_algo <built-in function openssl_sha256>
DEB [20210727-14:26:21.519] thr=1   paramiko.transport: Switch to new keys ...
DEB [20210727-14:26:21.521] thr=2   paramiko.transport: Adding ssh-rsa host key for 70.32.68.120: b'3c6d5c995db5c6255ad3788ed2f57a01'
DEB [20210727-14:26:21.804] thr=1   paramiko.transport: userauth is OK
INF [20210727-14:26:24.106] thr=1   paramiko.transport: Authentication (password) failed.
DEB [20210727-14:26:28.228] thr=3   paramiko.transport: starting thread (client mode): 0xf45c5910
DEB [20210727-14:26:28.229] thr=3   paramiko.transport: Local version/idstring: SSH-2.0-paramiko_2.7.2
DEB [20210727-14:26:28.353] thr=3   paramiko.transport: Remote version/idstring: SSH-2.0-OpenSSH_6.7p1 Debian-5+deb8u8
INF [20210727-14:26:28.353] thr=3   paramiko.transport: Connected (version 2.0, client OpenSSH_6.7p1)
DEB [20210727-14:26:28.473] thr=3   paramiko.transport: kex algos:['curve25519-sha256@libssh.org', 'ecdh-sha2-nistp256', 'ecdh-sha2-nistp384', 'ecdh-sha2-nistp521', 'diffie-hellman-group-exchange-sha256', 'diffie-hellman-group14-sha1'] server key:['ssh-rsa', 'ssh-dss'] client encrypt:['aes128-ctr', 'aes192-ctr', 'aes256-ctr', 'aes128-gcm@openssh.com', 'aes256-gcm@openssh.com', 'chacha20-poly1305@openssh.com'] server encrypt:['aes128-ctr', 'aes192-ctr', 'aes256-ctr', 'aes128-gcm@openssh.com', 'aes256-gcm@openssh.com', 'chacha20-poly1305@openssh.com'] client mac:['umac-64-etm@openssh.com', 'umac-128-etm@openssh.com', 'hmac-sha2-256-etm@openssh.com', 'hmac-sha2-512-etm@openssh.com', 'hmac-sha1-etm@openssh.com', 'umac-64@openssh.com', 'umac-128@openssh.com', 'hmac-sha2-256', 'hmac-sha2-512', 'hmac-sha1'] server mac:['umac-64-etm@openssh.com', 'umac-128-etm@openssh.com', 'hmac-sha2-256-etm@openssh.com', 'hmac-sha2-512-etm@openssh.com', 'hmac-sha1-etm@openssh.com', 'umac-64@openssh.com', 'umac-128@openssh.com', 'hmac-sha2-256', 'hmac-sha2-512', 'hmac-sha1'] client compress:['none', 'zlib@openssh.com'] server compress:['none', 'zlib@openssh.com'] client lang:[''] server lang:[''] kex follows?False
DEB [20210727-14:26:28.473] thr=3   paramiko.transport: Kex agreed: curve25519-sha256@libssh.org
DEB [20210727-14:26:28.473] thr=3   paramiko.transport: HostKey agreed: ssh-rsa
DEB [20210727-14:26:28.473] thr=3   paramiko.transport: Cipher agreed: aes128-ctr
DEB [20210727-14:26:28.473] thr=3   paramiko.transport: MAC agreed: hmac-sha2-256
DEB [20210727-14:26:28.474] thr=3   paramiko.transport: Compression agreed: none
DEB [20210727-14:26:28.599] thr=3   paramiko.transport: kex engine KexCurve25519 specified hash_algo <built-in function openssl_sha256>
DEB [20210727-14:26:28.600] thr=3   paramiko.transport: Switch to new keys ...
DEB [20210727-14:26:28.602] thr=2   paramiko.transport: Adding ssh-rsa host key for 70.32.68.120: b'3c6d5c995db5c6255ad3788ed2f57a01'
DEB [20210727-14:26:28.885] thr=3   paramiko.transport: userauth is OK
INF [20210727-14:26:31.149] thr=3   paramiko.transport: Authentication (password) failed.
DEB [20210727-15:44:05.569] thr=1   paramiko.transport: starting thread (client mode): 0x12615ee0
DEB [20210727-15:44:05.570] thr=1   paramiko.transport: Local version/idstring: SSH-2.0-paramiko_2.7.2
DEB [20210727-15:44:05.675] thr=1   paramiko.transport: Remote version/idstring: SSH-2.0-OpenSSH_7.4
INF [20210727-15:44:05.676] thr=1   paramiko.transport: Connected (version 2.0, client OpenSSH_7.4)
DEB [20210727-15:44:05.776] thr=1   paramiko.transport: kex algos:['curve25519-sha256', 'curve25519-sha256@libssh.org', 'ecdh-sha2-nistp256', 'ecdh-sha2-nistp384', 'ecdh-sha2-nistp521', 'diffie-hellman-group-exchange-sha256', 'diffie-hellman-group16-sha512', 'diffie-hellman-group18-sha512', 'diffie-hellman-group-exchange-sha1', 'diffie-hellman-group14-sha256', 'diffie-hellman-group14-sha1', 'diffie-hellman-group1-sha1'] server key:['ssh-rsa', 'rsa-sha2-512', 'rsa-sha2-256', 'ecdsa-sha2-nistp256', 'ssh-ed25519'] client encrypt:['chacha20-poly1305@openssh.com', 'aes128-ctr', 'aes192-ctr', 'aes256-ctr', 'aes128-gcm@openssh.com', 'aes256-gcm@openssh.com', 'aes128-cbc', 'aes192-cbc', 'aes256-cbc', 'blowfish-cbc', 'cast128-cbc', '3des-cbc'] server encrypt:['chacha20-poly1305@openssh.com', 'aes128-ctr', 'aes192-ctr', 'aes256-ctr', 'aes128-gcm@openssh.com', 'aes256-gcm@openssh.com', 'aes128-cbc', 'aes192-cbc', 'aes256-cbc', 'blowfish-cbc', 'cast128-cbc', '3des-cbc'] client mac:['umac-64-etm@openssh.com', 'umac-128-etm@openssh.com', 'hmac-sha2-256-etm@openssh.com', 'hmac-sha2-512-etm@openssh.com', 'hmac-sha1-etm@openssh.com', 'umac-64@openssh.com', 'umac-128@openssh.com', 'hmac-sha2-256', 'hmac-sha2-512', 'hmac-sha1'] server mac:['umac-64-etm@openssh.com', 'umac-128-etm@openssh.com', 'hmac-sha2-256-etm@openssh.com', 'hmac-sha2-512-etm@openssh.com', 'hmac-sha1-etm@openssh.com', 'umac-64@openssh.com', 'umac-128@openssh.com', 'hmac-sha2-256', 'hmac-sha2-512', 'hmac-sha1'] client compress:['none', 'zlib@openssh.com'] server compress:['none', 'zlib@openssh.com'] client lang:[''] server lang:[''] kex follows?False
DEB [20210727-15:44:05.776] thr=1   paramiko.transport: Kex agreed: curve25519-sha256@libssh.org
DEB [20210727-15:44:05.777] thr=1   paramiko.transport: HostKey agreed: ssh-ed25519
DEB [20210727-15:44:05.777] thr=1   paramiko.transport: Cipher agreed: aes128-ctr
DEB [20210727-15:44:05.777] thr=1   paramiko.transport: MAC agreed: hmac-sha2-256
DEB [20210727-15:44:05.778] thr=1   paramiko.transport: Compression agreed: none
DEB [20210727-15:44:05.919] thr=1   paramiko.transport: kex engine KexCurve25519 specified hash_algo <built-in function openssl_sha256>
DEB [20210727-15:44:05.922] thr=1   paramiko.transport: Switch to new keys ...
DEB [20210727-15:44:05.923] thr=2   paramiko.transport: Adding ssh-ed25519 host key for 45.33.2.79: b'09a226c84042aff26e9f6b26f196a9d1'
DEB [20210727-15:44:06.149] thr=1   paramiko.transport: userauth is OK
DEB [20210727-15:44:06.382] thr=1   paramiko.transport: Authentication type (password) not permitted.
DEB [20210727-15:44:06.383] thr=1   paramiko.transport: Allowed methods: ['publickey']
DEB [20210727-15:44:10.478] thr=3   paramiko.transport: starting thread (client mode): 0x128032b0
DEB [20210727-15:44:10.479] thr=3   paramiko.transport: Local version/idstring: SSH-2.0-paramiko_2.7.2
DEB [20210727-15:44:10.576] thr=3   paramiko.transport: Remote version/idstring: SSH-2.0-OpenSSH_7.4
INF [20210727-15:44:10.577] thr=3   paramiko.transport: Connected (version 2.0, client OpenSSH_7.4)
DEB [20210727-15:44:10.676] thr=3   paramiko.transport: kex algos:['curve25519-sha256', 'curve25519-sha256@libssh.org', 'ecdh-sha2-nistp256', 'ecdh-sha2-nistp384', 'ecdh-sha2-nistp521', 'diffie-hellman-group-exchange-sha256', 'diffie-hellman-group16-sha512', 'diffie-hellman-group18-sha512', 'diffie-hellman-group-exchange-sha1', 'diffie-hellman-group14-sha256', 'diffie-hellman-group14-sha1', 'diffie-hellman-group1-sha1'] server key:['ssh-rsa', 'rsa-sha2-512', 'rsa-sha2-256', 'ecdsa-sha2-nistp256', 'ssh-ed25519'] client encrypt:['chacha20-poly1305@openssh.com', 'aes128-ctr', 'aes192-ctr', 'aes256-ctr', 'aes128-gcm@openssh.com', 'aes256-gcm@openssh.com', 'aes128-cbc', 'aes192-cbc', 'aes256-cbc', 'blowfish-cbc', 'cast128-cbc', '3des-cbc'] server encrypt:['chacha20-poly1305@openssh.com', 'aes128-ctr', 'aes192-ctr', 'aes256-ctr', 'aes128-gcm@openssh.com', 'aes256-gcm@openssh.com', 'aes128-cbc', 'aes192-cbc', 'aes256-cbc', 'blowfish-cbc', 'cast128-cbc', '3des-cbc'] client mac:['umac-64-etm@openssh.com', 'umac-128-etm@openssh.com', 'hmac-sha2-256-etm@openssh.com', 'hmac-sha2-512-etm@openssh.com', 'hmac-sha1-etm@openssh.com', 'umac-64@openssh.com', 'umac-128@openssh.com', 'hmac-sha2-256', 'hmac-sha2-512', 'hmac-sha1'] server mac:['umac-64-etm@openssh.com', 'umac-128-etm@openssh.com', 'hmac-sha2-256-etm@openssh.com', 'hmac-sha2-512-etm@openssh.com', 'hmac-sha1-etm@openssh.com', 'umac-64@openssh.com', 'umac-128@openssh.com', 'hmac-sha2-256', 'hmac-sha2-512', 'hmac-sha1'] client compress:['none', 'zlib@openssh.com'] server compress:['none', 'zlib@openssh.com'] client lang:[''] server lang:[''] kex follows?False
DEB [20210727-15:44:10.677] thr=3   paramiko.transport: Kex agreed: curve25519-sha256@libssh.org
DEB [20210727-15:44:10.677] thr=3   paramiko.transport: HostKey agreed: ssh-ed25519
DEB [20210727-15:44:10.678] thr=3   paramiko.transport: Cipher agreed: aes128-ctr
DEB [20210727-15:44:10.678] thr=3   paramiko.transport: MAC agreed: hmac-sha2-256
DEB [20210727-15:44:10.678] thr=3   paramiko.transport: Compression agreed: none
DEB [20210727-15:44:10.899] thr=3   paramiko.transport: kex engine KexCurve25519 specified hash_algo <built-in function openssl_sha256>
DEB [20210727-15:44:10.900] thr=3   paramiko.transport: Switch to new keys ...
DEB [20210727-15:44:10.902] thr=2   paramiko.transport: Adding ssh-ed25519 host key for 45.33.2.79: b'09a226c84042aff26e9f6b26f196a9d1'
DEB [20210727-15:44:11.101] thr=3   paramiko.transport: userauth is OK
DEB [20210727-15:44:11.361] thr=3   paramiko.transport: Authentication type (password) not permitted.
DEB [20210727-15:44:11.361] thr=3   paramiko.transport: Allowed methods: ['publickey']
DEB [20210727-15:44:15.457] thr=4   paramiko.transport: starting thread (client mode): 0x1280f310
DEB [20210727-15:44:15.458] thr=4   paramiko.transport: Local version/idstring: SSH-2.0-paramiko_2.7.2
DEB [20210727-15:44:15.559] thr=4   paramiko.transport: Remote version/idstring: SSH-2.0-OpenSSH_7.4
INF [20210727-15:44:15.559] thr=4   paramiko.transport: Connected (version 2.0, client OpenSSH_7.4)
DEB [20210727-15:44:15.655] thr=4   paramiko.transport: kex algos:['curve25519-sha256', 'curve25519-sha256@libssh.org', 'ecdh-sha2-nistp256', 'ecdh-sha2-nistp384', 'ecdh-sha2-nistp521', 'diffie-hellman-group-exchange-sha256', 'diffie-hellman-group16-sha512', 'diffie-hellman-group18-sha512', 'diffie-hellman-group-exchange-sha1', 'diffie-hellman-group14-sha256', 'diffie-hellman-group14-sha1', 'diffie-hellman-group1-sha1'] server key:['ssh-rsa', 'rsa-sha2-512', 'rsa-sha2-256', 'ecdsa-sha2-nistp256', 'ssh-ed25519'] client encrypt:['chacha20-poly1305@openssh.com', 'aes128-ctr', 'aes192-ctr', 'aes256-ctr', 'aes128-gcm@openssh.com', 'aes256-gcm@openssh.com', 'aes128-cbc', 'aes192-cbc', 'aes256-cbc', 'blowfish-cbc', 'cast128-cbc', '3des-cbc'] server encrypt:['chacha20-poly1305@openssh.com', 'aes128-ctr', 'aes192-ctr', 'aes256-ctr', 'aes128-gcm@openssh.com', 'aes256-gcm@openssh.com', 'aes128-cbc', 'aes192-cbc', 'aes256-cbc', 'blowfish-cbc', 'cast128-cbc', '3des-cbc'] client mac:['umac-64-etm@openssh.com', 'umac-128-etm@openssh.com', 'hmac-sha2-256-etm@openssh.com', 'hmac-sha2-512-etm@openssh.com', 'hmac-sha1-etm@openssh.com', 'umac-64@openssh.com', 'umac-128@openssh.com', 'hmac-sha2-256', 'hmac-sha2-512', 'hmac-sha1'] server mac:['umac-64-etm@openssh.com', 'umac-128-etm@openssh.com', 'hmac-sha2-256-etm@openssh.com', 'hmac-sha2-512-etm@openssh.com', 'hmac-sha1-etm@openssh.com', 'umac-64@openssh.com', 'umac-128@openssh.com', 'hmac-sha2-256', 'hmac-sha2-512', 'hmac-sha1'] client compress:['none', 'zlib@openssh.com'] server compress:['none', 'zlib@openssh.com'] client lang:[''] server lang:[''] kex follows?False
DEB [20210727-15:44:15.656] thr=4   paramiko.transport: Kex agreed: curve25519-sha256@libssh.org
DEB [20210727-15:44:15.657] thr=4   paramiko.transport: HostKey agreed: ssh-ed25519
DEB [20210727-15:44:15.657] thr=4   paramiko.transport: Cipher agreed: aes128-ctr
DEB [20210727-15:44:15.657] thr=4   paramiko.transport: MAC agreed: hmac-sha2-256
DEB [20210727-15:44:15.658] thr=4   paramiko.transport: Compression agreed: none
DEB [20210727-15:44:15.762] thr=4   paramiko.transport: kex engine KexCurve25519 specified hash_algo <built-in function openssl_sha256>
DEB [20210727-15:44:15.763] thr=4   paramiko.transport: Switch to new keys ...
DEB [20210727-15:44:15.764] thr=2   paramiko.transport: Adding ssh-ed25519 host key for 45.33.2.79: b'09a226c84042aff26e9f6b26f196a9d1'
DEB [20210727-15:44:15.986] thr=4   paramiko.transport: userauth is OK
DEB [20210727-15:44:16.163] thr=4   paramiko.transport: Authentication type (password) not permitted.
DEB [20210727-15:44:16.163] thr=4   paramiko.transport: Allowed methods: ['publickey']
DEB [20210727-15:44:20.257] thr=5   paramiko.transport: starting thread (client mode): 0x12815520
DEB [20210727-15:44:20.258] thr=5   paramiko.transport: Local version/idstring: SSH-2.0-paramiko_2.7.2
DEB [20210727-15:44:20.356] thr=5   paramiko.transport: Remote version/idstring: SSH-2.0-OpenSSH_7.4
INF [20210727-15:44:20.356] thr=5   paramiko.transport: Connected (version 2.0, client OpenSSH_7.4)
DEB [20210727-15:44:20.447] thr=5   paramiko.transport: kex algos:['curve25519-sha256', 'curve25519-sha256@libssh.org', 'ecdh-sha2-nistp256', 'ecdh-sha2-nistp384', 'ecdh-sha2-nistp521', 'diffie-hellman-group-exchange-sha256', 'diffie-hellman-group16-sha512', 'diffie-hellman-group18-sha512', 'diffie-hellman-group-exchange-sha1', 'diffie-hellman-group14-sha256', 'diffie-hellman-group14-sha1', 'diffie-hellman-group1-sha1'] server key:['ssh-rsa', 'rsa-sha2-512', 'rsa-sha2-256', 'ecdsa-sha2-nistp256', 'ssh-ed25519'] client encrypt:['chacha20-poly1305@openssh.com', 'aes128-ctr', 'aes192-ctr', 'aes256-ctr', 'aes128-gcm@openssh.com', 'aes256-gcm@openssh.com', 'aes128-cbc', 'aes192-cbc', 'aes256-cbc', 'blowfish-cbc', 'cast128-cbc', '3des-cbc'] server encrypt:['chacha20-poly1305@openssh.com', 'aes128-ctr', 'aes192-ctr', 'aes256-ctr', 'aes128-gcm@openssh.com', 'aes256-gcm@openssh.com', 'aes128-cbc', 'aes192-cbc', 'aes256-cbc', 'blowfish-cbc', 'cast128-cbc', '3des-cbc'] client mac:['umac-64-etm@openssh.com', 'umac-128-etm@openssh.com', 'hmac-sha2-256-etm@openssh.com', 'hmac-sha2-512-etm@openssh.com', 'hmac-sha1-etm@openssh.com', 'umac-64@openssh.com', 'umac-128@openssh.com', 'hmac-sha2-256', 'hmac-sha2-512', 'hmac-sha1'] server mac:['umac-64-etm@openssh.com', 'umac-128-etm@openssh.com', 'hmac-sha2-256-etm@openssh.com', 'hmac-sha2-512-etm@openssh.com', 'hmac-sha1-etm@openssh.com', 'umac-64@openssh.com', 'umac-128@openssh.com', 'hmac-sha2-256', 'hmac-sha2-512', 'hmac-sha1'] client compress:['none', 'zlib@openssh.com'] server compress:['none', 'zlib@openssh.com'] client lang:[''] server lang:[''] kex follows?False
DEB [20210727-15:44:20.448] thr=5   paramiko.transport: Kex agreed: curve25519-sha256@libssh.org
DEB [20210727-15:44:20.449] thr=5   paramiko.transport: HostKey agreed: ssh-ed25519
DEB [20210727-15:44:20.449] thr=5   paramiko.transport: Cipher agreed: aes128-ctr
DEB [20210727-15:44:20.450] thr=5   paramiko.transport: MAC agreed: hmac-sha2-256
DEB [20210727-15:44:20.450] thr=5   paramiko.transport: Compression agreed: none
DEB [20210727-15:44:20.555] thr=5   paramiko.transport: kex engine KexCurve25519 specified hash_algo <built-in function openssl_sha256>
DEB [20210727-15:44:20.555] thr=5   paramiko.transport: Switch to new keys ...
DEB [20210727-15:44:20.556] thr=2   paramiko.transport: Adding ssh-ed25519 host key for 45.33.2.79: b'09a226c84042aff26e9f6b26f196a9d1'
DEB [20210727-15:44:20.778] thr=5   paramiko.transport: userauth is OK
DEB [20210727-15:44:21.004] thr=5   paramiko.transport: Authentication type (password) not permitted.
DEB [20210727-15:44:21.005] thr=5   paramiko.transport: Allowed methods: ['publickey']
DEB [20210727-15:44:25.101] thr=6   paramiko.transport: starting thread (client mode): 0x12819730
DEB [20210727-15:44:25.102] thr=6   paramiko.transport: Local version/idstring: SSH-2.0-paramiko_2.7.2
DEB [20210727-15:44:25.207] thr=6   paramiko.transport: Remote version/idstring: SSH-2.0-OpenSSH_7.4
INF [20210727-15:44:25.207] thr=6   paramiko.transport: Connected (version 2.0, client OpenSSH_7.4)
DEB [20210727-15:44:25.305] thr=6   paramiko.transport: kex algos:['curve25519-sha256', 'curve25519-sha256@libssh.org', 'ecdh-sha2-nistp256', 'ecdh-sha2-nistp384', 'ecdh-sha2-nistp521', 'diffie-hellman-group-exchange-sha256', 'diffie-hellman-group16-sha512', 'diffie-hellman-group18-sha512', 'diffie-hellman-group-exchange-sha1', 'diffie-hellman-group14-sha256', 'diffie-hellman-group14-sha1', 'diffie-hellman-group1-sha1'] server key:['ssh-rsa', 'rsa-sha2-512', 'rsa-sha2-256', 'ecdsa-sha2-nistp256', 'ssh-ed25519'] client encrypt:['chacha20-poly1305@openssh.com', 'aes128-ctr', 'aes192-ctr', 'aes256-ctr', 'aes128-gcm@openssh.com', 'aes256-gcm@openssh.com', 'aes128-cbc', 'aes192-cbc', 'aes256-cbc', 'blowfish-cbc', 'cast128-cbc', '3des-cbc'] server encrypt:['chacha20-poly1305@openssh.com', 'aes128-ctr', 'aes192-ctr', 'aes256-ctr', 'aes128-gcm@openssh.com', 'aes256-gcm@openssh.com', 'aes128-cbc', 'aes192-cbc', 'aes256-cbc', 'blowfish-cbc', 'cast128-cbc', '3des-cbc'] client mac:['umac-64-etm@openssh.com', 'umac-128-etm@openssh.com', 'hmac-sha2-256-etm@openssh.com', 'hmac-sha2-512-etm@openssh.com', 'hmac-sha1-etm@openssh.com', 'umac-64@openssh.com', 'umac-128@openssh.com', 'hmac-sha2-256', 'hmac-sha2-512', 'hmac-sha1'] server mac:['umac-64-etm@openssh.com', 'umac-128-etm@openssh.com', 'hmac-sha2-256-etm@openssh.com', 'hmac-sha2-512-etm@openssh.com', 'hmac-sha1-etm@openssh.com', 'umac-64@openssh.com', 'umac-128@openssh.com', 'hmac-sha2-256', 'hmac-sha2-512', 'hmac-sha1'] client compress:['none', 'zlib@openssh.com'] server compress:['none', 'zlib@openssh.com'] client lang:[''] server lang:[''] kex follows?False
DEB [20210727-15:44:25.305] thr=6   paramiko.transport: Kex agreed: curve25519-sha256@libssh.org
DEB [20210727-15:44:25.305] thr=6   paramiko.transport: HostKey agreed: ssh-ed25519
DEB [20210727-15:44:25.306] thr=6   paramiko.transport: Cipher agreed: aes128-ctr
DEB [20210727-15:44:25.306] thr=6   paramiko.transport: MAC agreed: hmac-sha2-256
DEB [20210727-15:44:25.306] thr=6   paramiko.transport: Compression agreed: none
DEB [20210727-15:44:25.417] thr=6   paramiko.transport: kex engine KexCurve25519 specified hash_algo <built-in function openssl_sha256>
DEB [20210727-15:44:25.419] thr=6   paramiko.transport: Switch to new keys ...
DEB [20210727-15:44:25.421] thr=2   paramiko.transport: Adding ssh-ed25519 host key for 45.33.2.79: b'09a226c84042aff26e9f6b26f196a9d1'
DEB [20210727-15:44:25.646] thr=6   paramiko.transport: userauth is OK
DEB [20210727-15:44:25.880] thr=6   paramiko.transport: Authentication type (password) not permitted.
DEB [20210727-15:44:25.880] thr=6   paramiko.transport: Allowed methods: ['publickey']
DEB [20210727-15:44:29.975] thr=7   paramiko.transport: starting thread (client mode): 0x12819f10
DEB [20210727-15:44:29.976] thr=7   paramiko.transport: Local version/idstring: SSH-2.0-paramiko_2.7.2
DEB [20210727-15:44:30.073] thr=7   paramiko.transport: Remote version/idstring: SSH-2.0-OpenSSH_7.4
INF [20210727-15:44:30.073] thr=7   paramiko.transport: Connected (version 2.0, client OpenSSH_7.4)
DEB [20210727-15:44:30.167] thr=7   paramiko.transport: kex algos:['curve25519-sha256', 'curve25519-sha256@libssh.org', 'ecdh-sha2-nistp256', 'ecdh-sha2-nistp384', 'ecdh-sha2-nistp521', 'diffie-hellman-group-exchange-sha256', 'diffie-hellman-group16-sha512', 'diffie-hellman-group18-sha512', 'diffie-hellman-group-exchange-sha1', 'diffie-hellman-group14-sha256', 'diffie-hellman-group14-sha1', 'diffie-hellman-group1-sha1'] server key:['ssh-rsa', 'rsa-sha2-512', 'rsa-sha2-256', 'ecdsa-sha2-nistp256', 'ssh-ed25519'] client encrypt:['chacha20-poly1305@openssh.com', 'aes128-ctr', 'aes192-ctr', 'aes256-ctr', 'aes128-gcm@openssh.com', 'aes256-gcm@openssh.com', 'aes128-cbc', 'aes192-cbc', 'aes256-cbc', 'blowfish-cbc', 'cast128-cbc', '3des-cbc'] server encrypt:['chacha20-poly1305@openssh.com', 'aes128-ctr', 'aes192-ctr', 'aes256-ctr', 'aes128-gcm@openssh.com', 'aes256-gcm@openssh.com', 'aes128-cbc', 'aes192-cbc', 'aes256-cbc', 'blowfish-cbc', 'cast128-cbc', '3des-cbc'] client mac:['umac-64-etm@openssh.com', 'umac-128-etm@openssh.com', 'hmac-sha2-256-etm@openssh.com', 'hmac-sha2-512-etm@openssh.com', 'hmac-sha1-etm@openssh.com', 'umac-64@openssh.com', 'umac-128@openssh.com', 'hmac-sha2-256', 'hmac-sha2-512', 'hmac-sha1'] server mac:['umac-64-etm@openssh.com', 'umac-128-etm@openssh.com', 'hmac-sha2-256-etm@openssh.com', 'hmac-sha2-512-etm@openssh.com', 'hmac-sha1-etm@openssh.com', 'umac-64@openssh.com', 'umac-128@openssh.com', 'hmac-sha2-256', 'hmac-sha2-512', 'hmac-sha1'] client compress:['none', 'zlib@openssh.com'] server compress:['none', 'zlib@openssh.com'] client lang:[''] server lang:[''] kex follows?False
DEB [20210727-15:44:30.168] thr=7   paramiko.transport: Kex agreed: curve25519-sha256@libssh.org
DEB [20210727-15:44:30.168] thr=7   paramiko.transport: HostKey agreed: ssh-ed25519
DEB [20210727-15:44:30.169] thr=7   paramiko.transport: Cipher agreed: aes128-ctr
DEB [20210727-15:44:30.169] thr=7   paramiko.transport: MAC agreed: hmac-sha2-256
DEB [20210727-15:44:30.170] thr=7   paramiko.transport: Compression agreed: none
DEB [20210727-15:44:30.287] thr=7   paramiko.transport: kex engine KexCurve25519 specified hash_algo <built-in function openssl_sha256>
DEB [20210727-15:44:30.288] thr=7   paramiko.transport: Switch to new keys ...
DEB [20210727-15:44:30.289] thr=2   paramiko.transport: Adding ssh-ed25519 host key for 45.33.2.79: b'09a226c84042aff26e9f6b26f196a9d1'
DEB [20210727-15:44:30.527] thr=7   paramiko.transport: userauth is OK
DEB [20210727-15:44:30.750] thr=7   paramiko.transport: Authentication type (password) not permitted.
DEB [20210727-15:44:30.751] thr=7   paramiko.transport: Allowed methods: ['publickey']
DEB [20210727-15:44:34.846] thr=8   paramiko.transport: starting thread (client mode): 0x12822130
DEB [20210727-15:44:34.848] thr=8   paramiko.transport: Local version/idstring: SSH-2.0-paramiko_2.7.2
DEB [20210727-15:44:34.944] thr=8   paramiko.transport: Remote version/idstring: SSH-2.0-OpenSSH_7.4
INF [20210727-15:44:34.944] thr=8   paramiko.transport: Connected (version 2.0, client OpenSSH_7.4)
DEB [20210727-15:44:35.038] thr=8   paramiko.transport: kex algos:['curve25519-sha256', 'curve25519-sha256@libssh.org', 'ecdh-sha2-nistp256', 'ecdh-sha2-nistp384', 'ecdh-sha2-nistp521', 'diffie-hellman-group-exchange-sha256', 'diffie-hellman-group16-sha512', 'diffie-hellman-group18-sha512', 'diffie-hellman-group-exchange-sha1', 'diffie-hellman-group14-sha256', 'diffie-hellman-group14-sha1', 'diffie-hellman-group1-sha1'] server key:['ssh-rsa', 'rsa-sha2-512', 'rsa-sha2-256', 'ecdsa-sha2-nistp256', 'ssh-ed25519'] client encrypt:['chacha20-poly1305@openssh.com', 'aes128-ctr', 'aes192-ctr', 'aes256-ctr', 'aes128-gcm@openssh.com', 'aes256-gcm@openssh.com', 'aes128-cbc', 'aes192-cbc', 'aes256-cbc', 'blowfish-cbc', 'cast128-cbc', '3des-cbc'] server encrypt:['chacha20-poly1305@openssh.com', 'aes128-ctr', 'aes192-ctr', 'aes256-ctr', 'aes128-gcm@openssh.com', 'aes256-gcm@openssh.com', 'aes128-cbc', 'aes192-cbc', 'aes256-cbc', 'blowfish-cbc', 'cast128-cbc', '3des-cbc'] client mac:['umac-64-etm@openssh.com', 'umac-128-etm@openssh.com', 'hmac-sha2-256-etm@openssh.com', 'hmac-sha2-512-etm@openssh.com', 'hmac-sha1-etm@openssh.com', 'umac-64@openssh.com', 'umac-128@openssh.com', 'hmac-sha2-256', 'hmac-sha2-512', 'hmac-sha1'] server mac:['umac-64-etm@openssh.com', 'umac-128-etm@openssh.com', 'hmac-sha2-256-etm@openssh.com', 'hmac-sha2-512-etm@openssh.com', 'hmac-sha1-etm@openssh.com', 'umac-64@openssh.com', 'umac-128@openssh.com', 'hmac-sha2-256', 'hmac-sha2-512', 'hmac-sha1'] client compress:['none', 'zlib@openssh.com'] server compress:['none', 'zlib@openssh.com'] client lang:[''] server lang:[''] kex follows?False
DEB [20210727-15:44:35.039] thr=8   paramiko.transport: Kex agreed: curve25519-sha256@libssh.org
DEB [20210727-15:44:35.039] thr=8   paramiko.transport: HostKey agreed: ssh-ed25519
DEB [20210727-15:44:35.040] thr=8   paramiko.transport: Cipher agreed: aes128-ctr
DEB [20210727-15:44:35.040] thr=8   paramiko.transport: MAC agreed: hmac-sha2-256
DEB [20210727-15:44:35.040] thr=8   paramiko.transport: Compression agreed: none
DEB [20210727-15:44:35.146] thr=8   paramiko.transport: kex engine KexCurve25519 specified hash_algo <built-in function openssl_sha256>
DEB [20210727-15:44:35.148] thr=8   paramiko.transport: Switch to new keys ...
DEB [20210727-15:44:35.149] thr=2   paramiko.transport: Adding ssh-ed25519 host key for 45.33.2.79: b'09a226c84042aff26e9f6b26f196a9d1'
DEB [20210727-15:44:35.368] thr=8   paramiko.transport: userauth is OK
DEB [20210727-15:44:35.484] thr=8   paramiko.transport: Authentication type (password) not permitted.
DEB [20210727-15:44:35.484] thr=8   paramiko.transport: Allowed methods: ['publickey']
DEB [20210727-15:44:39.600] thr=9   paramiko.transport: starting thread (client mode): 0x12825310
DEB [20210727-15:44:39.601] thr=9   paramiko.transport: Local version/idstring: SSH-2.0-paramiko_2.7.2
DEB [20210727-15:44:39.711] thr=9   paramiko.transport: Remote version/idstring: SSH-2.0-OpenSSH_7.4
INF [20210727-15:44:39.713] thr=9   paramiko.transport: Connected (version 2.0, client OpenSSH_7.4)
DEB [20210727-15:44:39.808] thr=9   paramiko.transport: kex algos:['curve25519-sha256', 'curve25519-sha256@libssh.org', 'ecdh-sha2-nistp256', 'ecdh-sha2-nistp384', 'ecdh-sha2-nistp521', 'diffie-hellman-group-exchange-sha256', 'diffie-hellman-group16-sha512', 'diffie-hellman-group18-sha512', 'diffie-hellman-group-exchange-sha1', 'diffie-hellman-group14-sha256', 'diffie-hellman-group14-sha1', 'diffie-hellman-group1-sha1'] server key:['ssh-rsa', 'rsa-sha2-512', 'rsa-sha2-256', 'ecdsa-sha2-nistp256', 'ssh-ed25519'] client encrypt:['chacha20-poly1305@openssh.com', 'aes128-ctr', 'aes192-ctr', 'aes256-ctr', 'aes128-gcm@openssh.com', 'aes256-gcm@openssh.com', 'aes128-cbc', 'aes192-cbc', 'aes256-cbc', 'blowfish-cbc', 'cast128-cbc', '3des-cbc'] server encrypt:['chacha20-poly1305@openssh.com', 'aes128-ctr', 'aes192-ctr', 'aes256-ctr', 'aes128-gcm@openssh.com', 'aes256-gcm@openssh.com', 'aes128-cbc', 'aes192-cbc', 'aes256-cbc', 'blowfish-cbc', 'cast128-cbc', '3des-cbc'] client mac:['umac-64-etm@openssh.com', 'umac-128-etm@openssh.com', 'hmac-sha2-256-etm@openssh.com', 'hmac-sha2-512-etm@openssh.com', 'hmac-sha1-etm@openssh.com', 'umac-64@openssh.com', 'umac-128@openssh.com', 'hmac-sha2-256', 'hmac-sha2-512', 'hmac-sha1'] server mac:['umac-64-etm@openssh.com', 'umac-128-etm@openssh.com', 'hmac-sha2-256-etm@openssh.com', 'hmac-sha2-512-etm@openssh.com', 'hmac-sha1-etm@openssh.com', 'umac-64@openssh.com', 'umac-128@openssh.com', 'hmac-sha2-256', 'hmac-sha2-512', 'hmac-sha1'] client compress:['none', 'zlib@openssh.com'] server compress:['none', 'zlib@openssh.com'] client lang:[''] server lang:[''] kex follows?False
DEB [20210727-15:44:39.809] thr=9   paramiko.transport: Kex agreed: curve25519-sha256@libssh.org
DEB [20210727-15:44:39.809] thr=9   paramiko.transport: HostKey agreed: ssh-ed25519
DEB [20210727-15:44:39.809] thr=9   paramiko.transport: Cipher agreed: aes128-ctr
DEB [20210727-15:44:39.810] thr=9   paramiko.transport: MAC agreed: hmac-sha2-256
DEB [20210727-15:44:39.810] thr=9   paramiko.transport: Compression agreed: none
DEB [20210727-15:44:39.916] thr=9   paramiko.transport: kex engine KexCurve25519 specified hash_algo <built-in function openssl_sha256>
DEB [20210727-15:44:39.917] thr=9   paramiko.transport: Switch to new keys ...
DEB [20210727-15:44:39.918] thr=2   paramiko.transport: Adding ssh-ed25519 host key for 45.33.2.79: b'09a226c84042aff26e9f6b26f196a9d1'
DEB [20210727-15:44:40.102] thr=9   paramiko.transport: userauth is OK
DEB [20210727-15:44:40.329] thr=9   paramiko.transport: Authentication type (password) not permitted.
DEB [20210727-15:44:40.330] thr=9   paramiko.transport: Allowed methods: ['publickey']
DEB [20210727-15:44:44.427] thr=10  paramiko.transport: starting thread (client mode): 0x12822040
DEB [20210727-15:44:44.429] thr=10  paramiko.transport: Local version/idstring: SSH-2.0-paramiko_2.7.2
DEB [20210727-15:44:44.527] thr=10  paramiko.transport: Remote version/idstring: SSH-2.0-OpenSSH_7.4
INF [20210727-15:44:44.527] thr=10  paramiko.transport: Connected (version 2.0, client OpenSSH_7.4)
DEB [20210727-15:44:44.622] thr=10  paramiko.transport: kex algos:['curve25519-sha256', 'curve25519-sha256@libssh.org', 'ecdh-sha2-nistp256', 'ecdh-sha2-nistp384', 'ecdh-sha2-nistp521', 'diffie-hellman-group-exchange-sha256', 'diffie-hellman-group16-sha512', 'diffie-hellman-group18-sha512', 'diffie-hellman-group-exchange-sha1', 'diffie-hellman-group14-sha256', 'diffie-hellman-group14-sha1', 'diffie-hellman-group1-sha1'] server key:['ssh-rsa', 'rsa-sha2-512', 'rsa-sha2-256', 'ecdsa-sha2-nistp256', 'ssh-ed25519'] client encrypt:['chacha20-poly1305@openssh.com', 'aes128-ctr', 'aes192-ctr', 'aes256-ctr', 'aes128-gcm@openssh.com', 'aes256-gcm@openssh.com', 'aes128-cbc', 'aes192-cbc', 'aes256-cbc', 'blowfish-cbc', 'cast128-cbc', '3des-cbc'] server encrypt:['chacha20-poly1305@openssh.com', 'aes128-ctr', 'aes192-ctr', 'aes256-ctr', 'aes128-gcm@openssh.com', 'aes256-gcm@openssh.com', 'aes128-cbc', 'aes192-cbc', 'aes256-cbc', 'blowfish-cbc', 'cast128-cbc', '3des-cbc'] client mac:['umac-64-etm@openssh.com', 'umac-128-etm@openssh.com', 'hmac-sha2-256-etm@openssh.com', 'hmac-sha2-512-etm@openssh.com', 'hmac-sha1-etm@openssh.com', 'umac-64@openssh.com', 'umac-128@openssh.com', 'hmac-sha2-256', 'hmac-sha2-512', 'hmac-sha1'] server mac:['umac-64-etm@openssh.com', 'umac-128-etm@openssh.com', 'hmac-sha2-256-etm@openssh.com', 'hmac-sha2-512-etm@openssh.com', 'hmac-sha1-etm@openssh.com', 'umac-64@openssh.com', 'umac-128@openssh.com', 'hmac-sha2-256', 'hmac-sha2-512', 'hmac-sha1'] client compress:['none', 'zlib@openssh.com'] server compress:['none', 'zlib@openssh.com'] client lang:[''] server lang:[''] kex follows?False
DEB [20210727-15:44:44.623] thr=10  paramiko.transport: Kex agreed: curve25519-sha256@libssh.org
DEB [20210727-15:44:44.623] thr=10  paramiko.transport: HostKey agreed: ssh-ed25519
DEB [20210727-15:44:44.624] thr=10  paramiko.transport: Cipher agreed: aes128-ctr
DEB [20210727-15:44:44.624] thr=10  paramiko.transport: MAC agreed: hmac-sha2-256
DEB [20210727-15:44:44.624] thr=10  paramiko.transport: Compression agreed: none
DEB [20210727-15:44:44.731] thr=10  paramiko.transport: kex engine KexCurve25519 specified hash_algo <built-in function openssl_sha256>
DEB [20210727-15:44:44.732] thr=10  paramiko.transport: Switch to new keys ...
DEB [20210727-15:44:44.734] thr=2   paramiko.transport: Adding ssh-ed25519 host key for 45.33.2.79: b'09a226c84042aff26e9f6b26f196a9d1'
DEB [20210727-15:44:44.980] thr=10  paramiko.transport: userauth is OK
DEB [20210727-15:44:45.112] thr=10  paramiko.transport: Authentication type (password) not permitted.
DEB [20210727-15:44:45.112] thr=10  paramiko.transport: Allowed methods: ['publickey']
DEB [20210727-15:46:05.672] thr=1   paramiko.transport: EOF in transport thread
DEB [20210727-15:46:10.577] thr=3   paramiko.transport: EOF in transport thread
DEB [20210727-15:46:15.599] thr=4   paramiko.transport: EOF in transport thread
DEB [20210727-15:46:20.356] thr=5   paramiko.transport: EOF in transport thread
DEB [20210727-15:46:25.207] thr=6   paramiko.transport: EOF in transport thread
DEB [20210727-15:46:30.076] thr=7   paramiko.transport: EOF in transport thread
DEB [20210727-15:46:34.945] thr=8   paramiko.transport: EOF in transport thread
DEB [20210727-15:46:39.711] thr=9   paramiko.transport: EOF in transport thread
DEB [20210727-15:46:44.526] thr=10  paramiko.transport: EOF in transport thread
